<?xml version="1.0" encoding="UTF-8"?>
<testng-results total="2" passed="2" failed="0" skipped="0">
  <reporter-output>
  </reporter-output>
  <suite started-at="2023-12-16T16:20:53Z" name="Suite" finished-at="2023-12-16T16:21:14Z" duration-ms="21385">
    <groups>
    </groups>
    <test started-at="2023-12-16T16:20:53Z" name="Test" finished-at="2023-12-16T16:21:14Z" duration-ms="21385">
      <class name="variousConcepts.LearnParallelExecution">
        <test-method signature="ChromeTest()[pri:0, instance:variousConcepts.LearnParallelExecution@7357a011]" started-at="2023-12-16T10:20:53Z" name="ChromeTest" finished-at="2023-12-16T10:21:14Z" duration-ms="21366" status="PASS">
          <reporter-output>
          </reporter-output>
        </test-method> <!-- ChromeTest -->
        <test-method signature="FirefoxTest()[pri:0, instance:variousConcepts.LearnParallelExecution@7357a011]" started-at="2023-12-16T10:20:53Z" name="FirefoxTest" finished-at="2023-12-16T10:21:02Z" duration-ms="9351" status="PASS">
          <reporter-output>
          </reporter-output>
        </test-method> <!-- FirefoxTest -->
      </class> <!-- variousConcepts.LearnParallelExecution -->
    </test> <!-- Test -->
  </suite> <!-- Suite -->
</testng-results>
